{"/Users/nikkatanovicleban/Desktop/CarStockMarketBE/config/db.js": {"path":"/Users/nikkatanovicleban/Desktop/CarStockMarketBE/config/db.js","statementMap":{"0":{"start":{"line":8,"column":19},"end":{"line":8,"column":49}},"1":{"start":{"line":9,"column":18},"end":{"line":9,"column":42}},"2":{"start":{"line":13,"column":0},"end":{"line":13,"column":60}},"3":{"start":{"line":14,"column":0},"end":{"line":16,"column":1}},"4":{"start":{"line":15,"column":2},"end":{"line":15,"column":83}},"5":{"start":{"line":18,"column":0},"end":{"line":18,"column":34}},"6":{"start":{"line":20,"column":18},"end":{"line":30,"column":1}}},"fnMap":{},"branchMap":{"0":{"loc":{"start":{"line":14,"column":0},"end":{"line":16,"column":1}},"type":"if","locations":[{"start":{"line":14,"column":0},"end":{"line":16,"column":1}},{"start":{},"end":{}}],"line":14}},"s":{"0":1,"1":1,"2":1,"3":1,"4":1,"5":1,"6":1},"f":{},"b":{"0":[1,0]},"inputSourceMap":null,"_coverageSchema":"1a1c01bbd47fc00a2c39e90264f33305004495a9","hash":"7901b73b52f56885230992b7c47d84716f237807"}
,"/Users/nikkatanovicleban/Desktop/CarStockMarketBE/errors/AppErrors.js": {"path":"/Users/nikkatanovicleban/Desktop/CarStockMarketBE/errors/AppErrors.js","statementMap":{"0":{"start":{"line":3,"column":4},"end":{"line":3,"column":19}},"1":{"start":{"line":4,"column":4},"end":{"line":4,"column":33}},"2":{"start":{"line":5,"column":4},"end":{"line":5,"column":30}},"3":{"start":{"line":6,"column":4},"end":{"line":6,"column":52}}},"fnMap":{"0":{"name":"(anonymous_0)","decl":{"start":{"line":2,"column":2},"end":{"line":2,"column":3}},"loc":{"start":{"line":2,"column":35},"end":{"line":7,"column":3}},"line":2}},"branchMap":{},"s":{"0":0,"1":0,"2":0,"3":0},"f":{"0":0},"b":{},"inputSourceMap":null,"_coverageSchema":"1a1c01bbd47fc00a2c39e90264f33305004495a9","hash":"a86e303bea0b44c3838dd07c0b8c9d4d972a9024"}
,"/Users/nikkatanovicleban/Desktop/CarStockMarketBE/models/Brand.js": {"path":"/Users/nikkatanovicleban/Desktop/CarStockMarketBE/models/Brand.js","statementMap":{"0":{"start":{"line":4,"column":14},"end":{"line":15,"column":2}}},"fnMap":{},"branchMap":{},"s":{"0":1},"f":{},"b":{},"inputSourceMap":null,"_coverageSchema":"1a1c01bbd47fc00a2c39e90264f33305004495a9","hash":"4b8d57d75da04bae513449f6325969ab3d36f7a1"}
,"/Users/nikkatanovicleban/Desktop/CarStockMarketBE/models/CarListing.js": {"path":"/Users/nikkatanovicleban/Desktop/CarStockMarketBE/models/CarListing.js","statementMap":{"0":{"start":{"line":5,"column":19},"end":{"line":79,"column":2}},"1":{"start":{"line":26,"column":17},"end":{"line":26,"column":47}},"2":{"start":{"line":27,"column":6},"end":{"line":27,"column":48}}},"fnMap":{"0":{"name":"(anonymous_0)","decl":{"start":{"line":25,"column":4},"end":{"line":25,"column":5}},"loc":{"start":{"line":25,"column":10},"end":{"line":28,"column":5}},"line":25}},"branchMap":{"0":{"loc":{"start":{"line":27,"column":13},"end":{"line":27,"column":47}},"type":"cond-expr","locations":[{"start":{"line":27,"column":18},"end":{"line":27,"column":40}},{"start":{"line":27,"column":43},"end":{"line":27,"column":47}}],"line":27}},"s":{"0":1,"1":1,"2":1},"f":{"0":1},"b":{"0":[1,0]},"inputSourceMap":null,"_coverageSchema":"1a1c01bbd47fc00a2c39e90264f33305004495a9","hash":"8f3b30d758c1cdc82abad3a62e40422662e570c4"}
,"/Users/nikkatanovicleban/Desktop/CarStockMarketBE/models/CarListingLike.js": {"path":"/Users/nikkatanovicleban/Desktop/CarStockMarketBE/models/CarListingLike.js","statementMap":{"0":{"start":{"line":4,"column":23},"end":{"line":22,"column":2}}},"fnMap":{},"branchMap":{},"s":{"0":1},"f":{},"b":{},"inputSourceMap":null,"_coverageSchema":"1a1c01bbd47fc00a2c39e90264f33305004495a9","hash":"617221c5f91922cd01735cf3712d51de40ae396b"}
,"/Users/nikkatanovicleban/Desktop/CarStockMarketBE/models/CarModel.js": {"path":"/Users/nikkatanovicleban/Desktop/CarStockMarketBE/models/CarModel.js","statementMap":{"0":{"start":{"line":4,"column":17},"end":{"line":21,"column":2}}},"fnMap":{},"branchMap":{},"s":{"0":1},"f":{},"b":{},"inputSourceMap":null,"_coverageSchema":"1a1c01bbd47fc00a2c39e90264f33305004495a9","hash":"300cf36c9695ddc4225810ae97290219b25e8617"}
,"/Users/nikkatanovicleban/Desktop/CarStockMarketBE/models/CarSpecifications.js": {"path":"/Users/nikkatanovicleban/Desktop/CarStockMarketBE/models/CarSpecifications.js","statementMap":{"0":{"start":{"line":6,"column":26},"end":{"line":73,"column":2}}},"fnMap":{},"branchMap":{},"s":{"0":1},"f":{},"b":{},"inputSourceMap":null,"_coverageSchema":"1a1c01bbd47fc00a2c39e90264f33305004495a9","hash":"d7c8d7dc497d2faf4e7d2c40f7684f17a7262f59"}
,"/Users/nikkatanovicleban/Desktop/CarStockMarketBE/models/User.js": {"path":"/Users/nikkatanovicleban/Desktop/CarStockMarketBE/models/User.js","statementMap":{"0":{"start":{"line":4,"column":13},"end":{"line":41,"column":1}}},"fnMap":{},"branchMap":{},"s":{"0":1},"f":{},"b":{},"inputSourceMap":null,"_coverageSchema":"1a1c01bbd47fc00a2c39e90264f33305004495a9","hash":"b477922ac88d58d2d7470fa1ba7bdffaaad7eefe"}
,"/Users/nikkatanovicleban/Desktop/CarStockMarketBE/models/const.js": {"path":"/Users/nikkatanovicleban/Desktop/CarStockMarketBE/models/const.js","statementMap":{"0":{"start":{"line":1,"column":37},"end":{"line":10,"column":1}},"1":{"start":{"line":12,"column":34},"end":{"line":17,"column":1}}},"fnMap":{},"branchMap":{},"s":{"0":1,"1":1},"f":{},"b":{},"inputSourceMap":null,"_coverageSchema":"1a1c01bbd47fc00a2c39e90264f33305004495a9","hash":"401600aac4241fc1fa8543a41b52c6bfc82eb134"}
,"/Users/nikkatanovicleban/Desktop/CarStockMarketBE/models/index.js": {"path":"/Users/nikkatanovicleban/Desktop/CarStockMarketBE/models/index.js","statementMap":{"0":{"start":{"line":10,"column":0},"end":{"line":10,"column":51}},"1":{"start":{"line":11,"column":0},"end":{"line":11,"column":53}},"2":{"start":{"line":13,"column":0},"end":{"line":13,"column":59}},"3":{"start":{"line":14,"column":0},"end":{"line":14,"column":61}},"4":{"start":{"line":16,"column":0},"end":{"line":16,"column":82}},"5":{"start":{"line":17,"column":0},"end":{"line":17,"column":87}},"6":{"start":{"line":19,"column":0},"end":{"line":19,"column":51}},"7":{"start":{"line":20,"column":0},"end":{"line":20,"column":53}},"8":{"start":{"line":23,"column":0},"end":{"line":23,"column":56}},"9":{"start":{"line":24,"column":0},"end":{"line":24,"column":68}},"10":{"start":{"line":26,"column":0},"end":{"line":26,"column":55}},"11":{"start":{"line":27,"column":0},"end":{"line":27,"column":80}}},"fnMap":{},"branchMap":{},"s":{"0":1,"1":1,"2":1,"3":1,"4":1,"5":1,"6":1,"7":1,"8":1,"9":1,"10":1,"11":1},"f":{},"b":{},"inputSourceMap":null,"_coverageSchema":"1a1c01bbd47fc00a2c39e90264f33305004495a9","hash":"e0ffb3cc0d44d4aefd19121050e7a51023eb724f"}
,"/Users/nikkatanovicleban/Desktop/CarStockMarketBE/services/carListingService.js": {"path":"/Users/nikkatanovicleban/Desktop/CarStockMarketBE/services/carListingService.js","statementMap":{"0":{"start":{"line":13,"column":37},"end":{"line":64,"column":1}},"1":{"start":{"line":14,"column":2},"end":{"line":63,"column":3}},"2":{"start":{"line":15,"column":17},"end":{"line":15,"column":40}},"3":{"start":{"line":16,"column":18},"end":{"line":16,"column":20}},"4":{"start":{"line":17,"column":19},"end":{"line":17,"column":37}},"5":{"start":{"line":19,"column":19},"end":{"line":19,"column":26}},"6":{"start":{"line":21,"column":83},"end":{"line":21,"column":118}},"7":{"start":{"line":23,"column":27},"end":{"line":23,"column":61}},"8":{"start":{"line":24,"column":27},"end":{"line":24,"column":64}},"9":{"start":{"line":26,"column":24},"end":{"line":50,"column":6}},"10":{"start":{"line":52,"column":22},"end":{"line":59,"column":6}},"11":{"start":{"line":53,"column":21},"end":{"line":53,"column":37}},"12":{"start":{"line":55,"column":8},"end":{"line":58,"column":10}},"13":{"start":{"line":60,"column":4},"end":{"line":60,"column":21}},"14":{"start":{"line":62,"column":4},"end":{"line":62,"column":16}},"15":{"start":{"line":66,"column":39},"end":{"line":115,"column":1}},"16":{"start":{"line":67,"column":24},"end":{"line":67,"column":53}},"17":{"start":{"line":68,"column":4},"end":{"line":114,"column":5}},"18":{"start":{"line":69,"column":25},"end":{"line":69,"column":85}},"19":{"start":{"line":71,"column":8},"end":{"line":73,"column":9}},"20":{"start":{"line":72,"column":12},"end":{"line":72,"column":59}},"21":{"start":{"line":75,"column":33},"end":{"line":75,"column":104}},"22":{"start":{"line":77,"column":8},"end":{"line":79,"column":9}},"23":{"start":{"line":78,"column":12},"end":{"line":78,"column":58}},"24":{"start":{"line":81,"column":27},"end":{"line":94,"column":9}},"25":{"start":{"line":96,"column":8},"end":{"line":110,"column":10}},"26":{"start":{"line":111,"column":8},"end":{"line":111,"column":35}},"27":{"start":{"line":113,"column":8},"end":{"line":113,"column":20}},"28":{"start":{"line":117,"column":36},"end":{"line":154,"column":1}},"29":{"start":{"line":118,"column":2},"end":{"line":153,"column":3}},"30":{"start":{"line":119,"column":23},"end":{"line":119,"column":62}},"31":{"start":{"line":121,"column":4},"end":{"line":123,"column":5}},"32":{"start":{"line":122,"column":8},"end":{"line":122,"column":55}},"33":{"start":{"line":124,"column":30},"end":{"line":126,"column":7}},"34":{"start":{"line":128,"column":4},"end":{"line":130,"column":5}},"35":{"start":{"line":129,"column":8},"end":{"line":129,"column":60}},"36":{"start":{"line":132,"column":20},"end":{"line":132,"column":104}},"37":{"start":{"line":133,"column":20},"end":{"line":148,"column":5}},"38":{"start":{"line":150,"column":4},"end":{"line":150,"column":19}},"39":{"start":{"line":152,"column":4},"end":{"line":152,"column":16}},"40":{"start":{"line":156,"column":36},"end":{"line":180,"column":1}},"41":{"start":{"line":157,"column":2},"end":{"line":179,"column":3}},"42":{"start":{"line":158,"column":23},"end":{"line":158,"column":62}},"43":{"start":{"line":159,"column":19},"end":{"line":159,"column":36}},"44":{"start":{"line":160,"column":17},"end":{"line":160,"column":44}},"45":{"start":{"line":162,"column":30},"end":{"line":166,"column":6}},"46":{"start":{"line":168,"column":23},"end":{"line":168,"column":51}},"47":{"start":{"line":170,"column":23},"end":{"line":175,"column":5}},"48":{"start":{"line":176,"column":4},"end":{"line":176,"column":22}},"49":{"start":{"line":178,"column":4},"end":{"line":178,"column":16}}},"fnMap":{"0":{"name":"(anonymous_0)","decl":{"start":{"line":13,"column":37},"end":{"line":13,"column":38}},"loc":{"start":{"line":13,"column":64},"end":{"line":64,"column":1}},"line":13},"1":{"name":"(anonymous_1)","decl":{"start":{"line":52,"column":38},"end":{"line":52,"column":39}},"loc":{"start":{"line":52,"column":51},"end":{"line":59,"column":5}},"line":52},"2":{"name":"(anonymous_2)","decl":{"start":{"line":66,"column":39},"end":{"line":66,"column":40}},"loc":{"start":{"line":66,"column":67},"end":{"line":115,"column":1}},"line":66},"3":{"name":"(anonymous_3)","decl":{"start":{"line":117,"column":36},"end":{"line":117,"column":37}},"loc":{"start":{"line":117,"column":70},"end":{"line":154,"column":1}},"line":117},"4":{"name":"(anonymous_4)","decl":{"start":{"line":156,"column":36},"end":{"line":156,"column":37}},"loc":{"start":{"line":156,"column":64},"end":{"line":180,"column":1}},"line":156}},"branchMap":{"0":{"loc":{"start":{"line":15,"column":17},"end":{"line":15,"column":40}},"type":"binary-expr","locations":[{"start":{"line":15,"column":17},"end":{"line":15,"column":35}},{"start":{"line":15,"column":39},"end":{"line":15,"column":40}}],"line":15},"1":{"loc":{"start":{"line":34,"column":19},"end":{"line":34,"column":61}},"type":"cond-expr","locations":[{"start":{"line":34,"column":36},"end":{"line":34,"column":49}},{"start":{"line":34,"column":52},"end":{"line":34,"column":61}}],"line":34},"2":{"loc":{"start":{"line":35,"column":22},"end":{"line":35,"column":54}},"type":"binary-expr","locations":[{"start":{"line":35,"column":22},"end":{"line":35,"column":36}},{"start":{"line":35,"column":40},"end":{"line":35,"column":54}}],"line":35},"3":{"loc":{"start":{"line":39,"column":23},"end":{"line":39,"column":62}},"type":"cond-expr","locations":[{"start":{"line":39,"column":40},"end":{"line":39,"column":50}},{"start":{"line":39,"column":53},"end":{"line":39,"column":62}}],"line":39},"4":{"loc":{"start":{"line":71,"column":8},"end":{"line":73,"column":9}},"type":"if","locations":[{"start":{"line":71,"column":8},"end":{"line":73,"column":9}},{"start":{},"end":{}}],"line":71},"5":{"loc":{"start":{"line":77,"column":8},"end":{"line":79,"column":9}},"type":"if","locations":[{"start":{"line":77,"column":8},"end":{"line":79,"column":9}},{"start":{},"end":{}}],"line":77},"6":{"loc":{"start":{"line":121,"column":4},"end":{"line":123,"column":5}},"type":"if","locations":[{"start":{"line":121,"column":4},"end":{"line":123,"column":5}},{"start":{},"end":{}}],"line":121},"7":{"loc":{"start":{"line":128,"column":4},"end":{"line":130,"column":5}},"type":"if","locations":[{"start":{"line":128,"column":4},"end":{"line":130,"column":5}},{"start":{},"end":{}}],"line":128}},"s":{"0":1,"1":0,"2":0,"3":0,"4":0,"5":0,"6":0,"7":0,"8":0,"9":0,"10":0,"11":0,"12":0,"13":0,"14":0,"15":1,"16":0,"17":0,"18":0,"19":0,"20":0,"21":0,"22":0,"23":0,"24":0,"25":0,"26":0,"27":0,"28":1,"29":1,"30":1,"31":1,"32":0,"33":1,"34":1,"35":0,"36":1,"37":1,"38":1,"39":0,"40":1,"41":0,"42":0,"43":0,"44":0,"45":0,"46":0,"47":0,"48":0,"49":0},"f":{"0":0,"1":0,"2":0,"3":1,"4":0},"b":{"0":[0,0],"1":[0,0],"2":[0,0],"3":[0,0],"4":[0,0],"5":[0,0],"6":[0,1],"7":[0,1]},"inputSourceMap":null,"_coverageSchema":"1a1c01bbd47fc00a2c39e90264f33305004495a9","hash":"f406bb67bcff5a576282c8c5c46b43633bf3f4c5"}
,"/Users/nikkatanovicleban/Desktop/CarStockMarketBE/tests/factories/carListingFactory.js": {"path":"/Users/nikkatanovicleban/Desktop/CarStockMarketBE/tests/factories/carListingFactory.js","statementMap":{"0":{"start":{"line":9,"column":18},"end":{"line":9,"column":51}},"1":{"start":{"line":10,"column":22},"end":{"line":10,"column":58}},"2":{"start":{"line":13,"column":2},"end":{"line":23,"column":4}},"3":{"start":{"line":27,"column":2},"end":{"line":34,"column":5}},"4":{"start":{"line":38,"column":2},"end":{"line":41,"column":5}},"5":{"start":{"line":45,"column":16},"end":{"line":45,"column":62}},"6":{"start":{"line":46,"column":2},"end":{"line":50,"column":5}},"7":{"start":{"line":54,"column":2},"end":{"line":66,"column":4}},"8":{"start":{"line":78,"column":15},"end":{"line":78,"column":59}},"9":{"start":{"line":79,"column":19},"end":{"line":79,"column":71}},"10":{"start":{"line":81,"column":18},"end":{"line":86,"column":4}},"11":{"start":{"line":88,"column":2},"end":{"line":91,"column":5}},"12":{"start":{"line":93,"column":2},"end":{"line":93,"column":17}}},"fnMap":{"0":{"name":"carListingAttrs","decl":{"start":{"line":12,"column":16},"end":{"line":12,"column":31}},"loc":{"start":{"line":12,"column":48},"end":{"line":24,"column":1}},"line":12},"1":{"name":"createUser","decl":{"start":{"line":26,"column":22},"end":{"line":26,"column":32}},"loc":{"start":{"line":26,"column":49},"end":{"line":35,"column":1}},"line":26},"2":{"name":"createBrand","decl":{"start":{"line":37,"column":22},"end":{"line":37,"column":33}},"loc":{"start":{"line":37,"column":50},"end":{"line":42,"column":1}},"line":37},"3":{"name":"createCarModel","decl":{"start":{"line":44,"column":22},"end":{"line":44,"column":36}},"loc":{"start":{"line":44,"column":53},"end":{"line":51,"column":1}},"line":44},"4":{"name":"carSpecificationsAttrs","decl":{"start":{"line":53,"column":16},"end":{"line":53,"column":38}},"loc":{"start":{"line":53,"column":55},"end":{"line":67,"column":1}},"line":53},"5":{"name":"createCarListing","decl":{"start":{"line":77,"column":22},"end":{"line":77,"column":38}},"loc":{"start":{"line":77,"column":55},"end":{"line":94,"column":1}},"line":77}},"branchMap":{"0":{"loc":{"start":{"line":12,"column":32},"end":{"line":12,"column":46}},"type":"default-arg","locations":[{"start":{"line":12,"column":44},"end":{"line":12,"column":46}}],"line":12},"1":{"loc":{"start":{"line":26,"column":33},"end":{"line":26,"column":47}},"type":"default-arg","locations":[{"start":{"line":26,"column":45},"end":{"line":26,"column":47}}],"line":26},"2":{"loc":{"start":{"line":37,"column":34},"end":{"line":37,"column":48}},"type":"default-arg","locations":[{"start":{"line":37,"column":46},"end":{"line":37,"column":48}}],"line":37},"3":{"loc":{"start":{"line":44,"column":37},"end":{"line":44,"column":51}},"type":"default-arg","locations":[{"start":{"line":44,"column":49},"end":{"line":44,"column":51}}],"line":44},"4":{"loc":{"start":{"line":45,"column":16},"end":{"line":45,"column":62}},"type":"cond-expr","locations":[{"start":{"line":45,"column":36},"end":{"line":45,"column":40}},{"start":{"line":45,"column":43},"end":{"line":45,"column":62}}],"line":45},"5":{"loc":{"start":{"line":53,"column":39},"end":{"line":53,"column":53}},"type":"default-arg","locations":[{"start":{"line":53,"column":51},"end":{"line":53,"column":53}}],"line":53},"6":{"loc":{"start":{"line":77,"column":39},"end":{"line":77,"column":53}},"type":"default-arg","locations":[{"start":{"line":77,"column":51},"end":{"line":77,"column":53}}],"line":77},"7":{"loc":{"start":{"line":78,"column":15},"end":{"line":78,"column":59}},"type":"cond-expr","locations":[{"start":{"line":78,"column":34},"end":{"line":78,"column":38}},{"start":{"line":78,"column":41},"end":{"line":78,"column":59}}],"line":78},"8":{"loc":{"start":{"line":79,"column":19},"end":{"line":79,"column":71}},"type":"cond-expr","locations":[{"start":{"line":79,"column":42},"end":{"line":79,"column":46}},{"start":{"line":79,"column":49},"end":{"line":79,"column":71}}],"line":79}},"s":{"0":1,"1":1,"2":1,"3":1,"4":1,"5":1,"6":1,"7":1,"8":1,"9":1,"10":1,"11":1,"12":1},"f":{"0":1,"1":1,"2":1,"3":1,"4":1,"5":1},"b":{"0":[1],"1":[1],"2":[1],"3":[1],"4":[0,1],"5":[1],"6":[1],"7":[0,1],"8":[0,1]},"inputSourceMap":null,"_coverageSchema":"1a1c01bbd47fc00a2c39e90264f33305004495a9","hash":"6053d67ea1d80a7e9a40184322eabe1ba70835b3"}
,"/Users/nikkatanovicleban/Desktop/CarStockMarketBE/utils/carListingUtils.js": {"path":"/Users/nikkatanovicleban/Desktop/CarStockMarketBE/utils/carListingUtils.js","statementMap":{"0":{"start":{"line":3,"column":44},"end":{"line":17,"column":1}},"1":{"start":{"line":4,"column":28},"end":{"line":4,"column":30}},"2":{"start":{"line":5,"column":35},"end":{"line":5,"column":37}},"3":{"start":{"line":6,"column":26},"end":{"line":6,"column":28}},"4":{"start":{"line":7,"column":23},"end":{"line":7,"column":25}},"5":{"start":{"line":9,"column":4},"end":{"line":9,"column":53}},"6":{"start":{"line":9,"column":22},"end":{"line":9,"column":53}},"7":{"start":{"line":10,"column":4},"end":{"line":10,"column":56}},"8":{"start":{"line":10,"column":22},"end":{"line":10,"column":56}},"9":{"start":{"line":11,"column":4},"end":{"line":11,"column":64}},"10":{"start":{"line":11,"column":25},"end":{"line":11,"column":64}},"11":{"start":{"line":12,"column":4},"end":{"line":12,"column":79}},"12":{"start":{"line":12,"column":25},"end":{"line":12,"column":79}},"13":{"start":{"line":13,"column":4},"end":{"line":13,"column":90}},"14":{"start":{"line":13,"column":25},"end":{"line":13,"column":90}},"15":{"start":{"line":14,"column":4},"end":{"line":14,"column":87}},"16":{"start":{"line":14,"column":28},"end":{"line":14,"column":87}},"17":{"start":{"line":15,"column":4},"end":{"line":15,"column":81}},"18":{"start":{"line":15,"column":26},"end":{"line":15,"column":81}},"19":{"start":{"line":16,"column":4},"end":{"line":16,"column":82}}},"fnMap":{"0":{"name":"(anonymous_0)","decl":{"start":{"line":3,"column":44},"end":{"line":3,"column":45}},"loc":{"start":{"line":3,"column":56},"end":{"line":17,"column":1}},"line":3}},"branchMap":{"0":{"loc":{"start":{"line":9,"column":4},"end":{"line":9,"column":53}},"type":"if","locations":[{"start":{"line":9,"column":4},"end":{"line":9,"column":53}},{"start":{},"end":{}}],"line":9},"1":{"loc":{"start":{"line":10,"column":4},"end":{"line":10,"column":56}},"type":"if","locations":[{"start":{"line":10,"column":4},"end":{"line":10,"column":56}},{"start":{},"end":{}}],"line":10},"2":{"loc":{"start":{"line":11,"column":4},"end":{"line":11,"column":64}},"type":"if","locations":[{"start":{"line":11,"column":4},"end":{"line":11,"column":64}},{"start":{},"end":{}}],"line":11},"3":{"loc":{"start":{"line":12,"column":4},"end":{"line":12,"column":79}},"type":"if","locations":[{"start":{"line":12,"column":4},"end":{"line":12,"column":79}},{"start":{},"end":{}}],"line":12},"4":{"loc":{"start":{"line":13,"column":4},"end":{"line":13,"column":90}},"type":"if","locations":[{"start":{"line":13,"column":4},"end":{"line":13,"column":90}},{"start":{},"end":{}}],"line":13},"5":{"loc":{"start":{"line":14,"column":4},"end":{"line":14,"column":87}},"type":"if","locations":[{"start":{"line":14,"column":4},"end":{"line":14,"column":87}},{"start":{},"end":{}}],"line":14},"6":{"loc":{"start":{"line":15,"column":4},"end":{"line":15,"column":81}},"type":"if","locations":[{"start":{"line":15,"column":4},"end":{"line":15,"column":81}},{"start":{},"end":{}}],"line":15}},"s":{"0":1,"1":0,"2":0,"3":0,"4":0,"5":0,"6":0,"7":0,"8":0,"9":0,"10":0,"11":0,"12":0,"13":0,"14":0,"15":0,"16":0,"17":0,"18":0,"19":0},"f":{"0":0},"b":{"0":[0,0],"1":[0,0],"2":[0,0],"3":[0,0],"4":[0,0],"5":[0,0],"6":[0,0]},"inputSourceMap":null,"_coverageSchema":"1a1c01bbd47fc00a2c39e90264f33305004495a9","hash":"54186ed2845d9c50411f064060618d2f33d90386"}
}
