TN:
SF:config/db.js
FNF:0
FNH:0
DA:8,1
DA:9,1
DA:13,1
DA:14,1
DA:15,1
DA:18,1
DA:20,1
LF:7
LH:7
BRDA:14,0,0,1
BRDA:14,0,1,0
BRF:2
BRH:1
end_of_record
TN:
SF:errors/AppErrors.js
FN:2,(anonymous_0)
FNF:1
FNH:0
FNDA:0,(anonymous_0)
DA:3,0
DA:4,0
DA:5,0
DA:6,0
LF:4
LH:0
BRF:0
BRH:0
end_of_record
TN:
SF:models/Brand.js
FNF:0
FNH:0
DA:4,1
LF:1
LH:1
BRF:0
BRH:0
end_of_record
TN:
SF:models/CarListing.js
FN:25,(anonymous_0)
FNF:1
FNH:1
FNDA:1,(anonymous_0)
DA:5,1
DA:26,1
DA:27,1
LF:3
LH:3
BRDA:27,0,0,1
BRDA:27,0,1,0
BRF:2
BRH:1
end_of_record
TN:
SF:models/CarListingLike.js
FNF:0
FNH:0
DA:4,1
LF:1
LH:1
BRF:0
BRH:0
end_of_record
TN:
SF:models/CarModel.js
FNF:0
FNH:0
DA:4,1
LF:1
LH:1
BRF:0
BRH:0
end_of_record
TN:
SF:models/CarSpecifications.js
FNF:0
FNH:0
DA:6,1
LF:1
LH:1
BRF:0
BRH:0
end_of_record
TN:
SF:models/User.js
FNF:0
FNH:0
DA:4,1
LF:1
LH:1
BRF:0
BRH:0
end_of_record
TN:
SF:models/const.js
FNF:0
FNH:0
DA:1,1
DA:12,1
LF:2
LH:2
BRF:0
BRH:0
end_of_record
TN:
SF:models/index.js
FNF:0
FNH:0
DA:10,1
DA:11,1
DA:13,1
DA:14,1
DA:16,1
DA:17,1
DA:19,1
DA:20,1
DA:23,1
DA:24,1
DA:26,1
DA:27,1
LF:12
LH:12
BRF:0
BRH:0
end_of_record
TN:
SF:services/carListingService.js
FN:13,(anonymous_0)
FN:52,(anonymous_1)
FN:66,(anonymous_2)
FN:117,(anonymous_3)
FN:156,(anonymous_4)
FNF:5
FNH:1
FNDA:0,(anonymous_0)
FNDA:0,(anonymous_1)
FNDA:0,(anonymous_2)
FNDA:1,(anonymous_3)
FNDA:0,(anonymous_4)
DA:13,1
DA:14,0
DA:15,0
DA:16,0
DA:17,0
DA:19,0
DA:21,0
DA:23,0
DA:24,0
DA:26,0
DA:52,0
DA:53,0
DA:55,0
DA:60,0
DA:62,0
DA:66,1
DA:67,0
DA:68,0
DA:69,0
DA:71,0
DA:72,0
DA:75,0
DA:77,0
DA:78,0
DA:81,0
DA:96,0
DA:111,0
DA:113,0
DA:117,1
DA:118,1
DA:119,1
DA:121,1
DA:122,0
DA:124,1
DA:128,1
DA:129,0
DA:132,1
DA:133,1
DA:150,1
DA:152,0
DA:156,1
DA:157,0
DA:158,0
DA:159,0
DA:160,0
DA:162,0
DA:168,0
DA:170,0
DA:176,0
DA:178,0
LF:50
LH:12
BRDA:15,0,0,0
BRDA:15,0,1,0
BRDA:34,1,0,0
BRDA:34,1,1,0
BRDA:35,2,0,0
BRDA:35,2,1,0
BRDA:39,3,0,0
BRDA:39,3,1,0
BRDA:71,4,0,0
BRDA:71,4,1,0
BRDA:77,5,0,0
BRDA:77,5,1,0
BRDA:121,6,0,0
BRDA:121,6,1,1
BRDA:128,7,0,0
BRDA:128,7,1,1
BRF:16
BRH:2
end_of_record
TN:
SF:tests/factories/carListingFactory.js
FN:12,carListingAttrs
FN:26,createUser
FN:37,createBrand
FN:44,createCarModel
FN:53,carSpecificationsAttrs
FN:77,createCarListing
FNF:6
FNH:6
FNDA:1,carListingAttrs
FNDA:1,createUser
FNDA:1,createBrand
FNDA:1,createCarModel
FNDA:1,carSpecificationsAttrs
FNDA:1,createCarListing
DA:9,1
DA:10,1
DA:13,1
DA:27,1
DA:38,1
DA:45,1
DA:46,1
DA:54,1
DA:78,1
DA:79,1
DA:81,1
DA:88,1
DA:93,1
LF:13
LH:13
BRDA:12,0,0,1
BRDA:26,1,0,1
BRDA:37,2,0,1
BRDA:44,3,0,1
BRDA:45,4,0,0
BRDA:45,4,1,1
BRDA:53,5,0,1
BRDA:77,6,0,1
BRDA:78,7,0,0
BRDA:78,7,1,1
BRDA:79,8,0,0
BRDA:79,8,1,1
BRF:12
BRH:9
end_of_record
TN:
SF:utils/carListingUtils.js
FN:3,(anonymous_0)
FNF:1
FNH:0
FNDA:0,(anonymous_0)
DA:3,1
DA:4,0
DA:5,0
DA:6,0
DA:7,0
DA:9,0
DA:10,0
DA:11,0
DA:12,0
DA:13,0
DA:14,0
DA:15,0
DA:16,0
LF:13
LH:1
BRDA:9,0,0,0
BRDA:9,0,1,0
BRDA:10,1,0,0
BRDA:10,1,1,0
BRDA:11,2,0,0
BRDA:11,2,1,0
BRDA:12,3,0,0
BRDA:12,3,1,0
BRDA:13,4,0,0
BRDA:13,4,1,0
BRDA:14,5,0,0
BRDA:14,5,1,0
BRDA:15,6,0,0
BRDA:15,6,1,0
BRF:14
BRH:0
end_of_record
